<?xml version="1.0" encoding="UTF-8"?>
<testng-results ignored="0" total="1" passed="1" failed="0" skipped="0">
  <reporter-output>
  </reporter-output>
  <suite started-at="2023-07-02T15:37:15 IST" name="Default suite" finished-at="2023-07-02T15:37:38 IST" duration-ms="23050">
    <groups>
    </groups>
    <test started-at="2023-07-02T15:37:15 IST" name="Default test" finished-at="2023-07-02T15:37:38 IST" duration-ms="23050">
      <class name="test.Amazontest0">
        <test-method is-config="true" signature="setup()[pri:0, instance:test.Amazontest0@4d154ccd]" started-at="2023-07-02T15:37:15 IST" name="setup" finished-at="2023-07-02T15:37:24 IST" duration-ms="8990" status="PASS">
          <reporter-output>
          </reporter-output>
        </test-method> <!-- setup -->
        <test-method signature="amazon()[pri:0, instance:test.Amazontest0@4d154ccd]" started-at="2023-07-02T15:37:24 IST" name="amazon" finished-at="2023-07-02T15:37:38 IST" duration-ms="14011" status="PASS">
          <reporter-output>
          </reporter-output>
        </test-method> <!-- amazon -->
      </class> <!-- test.Amazontest0 -->
    </test> <!-- Default test -->
  </suite> <!-- Default suite -->
</testng-results>
